<?xml version="1.0" encoding="UTF-8"?>
<!-- Generated by org.testng.reporters.JUnitReportReporter -->
<testsuite hostname="lhv-ec2-dev81" name="galen.galen_framework_test.test123" tests="2" failures="0" timestamp="14 Dec 2015 10:10:17 GMT" time="10.746" errors="0">
  <testcase name="testLoginPageInDesktopMode" time="3.481" classname="galen.galen_framework_test.test123"/>
  <testcase name="testLoginPageInMobileMode" time="7.265" classname="galen.galen_framework_test.test123"/>
</testsuite> <!-- galen.galen_framework_test.test123 -->
